2024-08-28 00:48:13,775 - INFO - ログ設定が完了しました。
2024-08-28 00:48:13,776 - INFO - 機械学習モデルのトレーニングを開始します。
2024-08-28 00:48:13,776 - INFO - Python version: 3.10.12
2024-08-28 00:48:13,776 - INFO - Platform: Linux 6.1.85+
2024-08-28 00:48:13,777 - INFO - Numpy version: 1.26.4
2024-08-28 00:48:13,777 - INFO - Pandas version: 2.1.4
2024-08-28 00:48:13,777 - INFO - LightGBM version: 4.4.0
2024-08-28 00:48:13,777 - INFO - 使用するモデルのハイパーパラメータ:
2024-08-28 00:48:13,777 - INFO -   objective: binary
2024-08-28 00:48:13,777 - INFO -   metric: auc
2024-08-28 00:48:13,778 - INFO -   boosting_type: gbdt
2024-08-28 00:48:13,778 - INFO -   learning_rate: 0.01
2024-08-28 00:48:13,778 - INFO -   num_leaves: 31
2024-08-28 00:48:13,778 - INFO -   random_state: 42
2024-08-28 00:48:13,778 - INFO -   force_row_wise: True
2024-08-28 00:48:13,778 - INFO -   scale_pos_weight: 1.0
2024-08-28 00:48:13,778 - INFO - データの前処理やモデルの生成を行います。
2024-08-28 00:53:12,335 - INFO - Training started with parameters:
2024-08-28 00:53:12,336 - INFO - Learning rate: 0.01
2024-08-28 00:53:12,337 - INFO - Number of leaves: 31
2024-08-28 00:53:12,337 - INFO - Random state: 42
2024-08-28 00:53:12,337 - INFO - Starting model training...
2024-08-28 00:54:00,024 - INFO - ログ設定が完了しました。
2024-08-28 00:54:00,024 - INFO - 機械学習モデルのトレーニングを開始します。
2024-08-28 00:54:00,024 - INFO - Python version: 3.10.12
2024-08-28 00:54:00,024 - INFO - Platform: Linux 6.1.85+
2024-08-28 00:54:00,024 - INFO - Numpy version: 1.26.4
2024-08-28 00:54:00,025 - INFO - Pandas version: 2.1.4
2024-08-28 00:54:00,025 - INFO - LightGBM version: 4.4.0
2024-08-28 00:54:00,025 - INFO - 使用するモデルのハイパーパラメータ:
2024-08-28 00:54:00,025 - INFO -   objective: binary
2024-08-28 00:54:00,025 - INFO -   metric: auc
2024-08-28 00:54:00,025 - INFO -   boosting_type: gbdt
2024-08-28 00:54:00,025 - INFO -   learning_rate: 0.01
2024-08-28 00:54:00,025 - INFO -   num_leaves: 31
2024-08-28 00:54:00,025 - INFO -   random_state: 42
2024-08-28 00:54:00,025 - INFO -   force_row_wise: True
2024-08-28 00:54:00,025 - INFO -   scale_pos_weight: 1.0
2024-08-28 00:54:00,025 - INFO - データの前処理やモデルの生成を行います。
2024-08-28 01:08:58,916 - INFO - LightGBMモデルのトレーニングを開始します。
2024-08-28 01:08:58,916 - INFO - 使用するハイパーパラメータ: 
2024-08-28 01:08:58,916 - INFO -   objective: binary
2024-08-28 01:08:58,916 - INFO -   metric: auc
2024-08-28 01:08:58,916 - INFO -   boosting_type: gbdt
2024-08-28 01:08:58,916 - INFO -   learning_rate: 0.01
2024-08-28 01:08:58,916 - INFO -   num_leaves: 31
2024-08-28 01:08:58,916 - INFO -   random_state: 42
2024-08-28 01:08:58,916 - INFO -   force_row_wise: True
2024-08-28 01:08:58,916 - INFO -   scale_pos_weight: 3.437192118226601
2024-08-28 01:08:58,916 - INFO - トレーニングデータのサイズ: (2791, 19)
2024-08-28 01:08:58,917 - INFO - 検証データのサイズ: (698, 19)
2024-08-28 01:08:58,917 - INFO - LightGBMデータセットを作成します。
2024-08-28 01:08:58,917 - INFO - コールバックを設定します。
2024-08-28 01:08:58,917 - INFO - モデルの訓練を開始します。
2024-08-28 01:09:10,660 - INFO - モデルの訓練が完了しました。
2024-08-28 01:09:10,661 - INFO - 検証データで予測を実行します。
2024-08-28 01:09:10,679 - INFO - AUCスコアを計算します。
2024-08-28 01:09:10,683 - INFO - AUCスコア: 0.8577
2024-08-28 01:09:10,683 - INFO - PR-AUCスコアを計算します。
2024-08-28 01:09:10,685 - INFO - PR-AUCスコア: 0.5432
2024-08-28 01:09:10,713 - INFO - モデルが保存されました: models/lgb_model.pkl
2024-08-28 01:09:10,713 - INFO - トレーニングと評価プロセスが完了しました。
2024-08-28 01:14:11,340 - INFO - ログ設定が完了しました。
2024-08-28 01:14:11,340 - INFO - 機械学習モデルのトレーニングを開始します。
2024-08-28 01:14:11,340 - INFO - Python version: 3.10.12
2024-08-28 01:14:11,341 - INFO - Platform: Linux 6.1.85+
2024-08-28 01:14:11,341 - INFO - Numpy version: 1.26.4
2024-08-28 01:14:11,341 - INFO - Pandas version: 2.1.4
2024-08-28 01:14:11,341 - INFO - LightGBM version: 4.4.0
2024-08-28 01:14:11,342 - INFO - 使用するモデルのハイパーパラメータ:
2024-08-28 01:14:11,342 - INFO -   objective: binary
2024-08-28 01:14:11,342 - INFO -   metric: auc
2024-08-28 01:14:11,342 - INFO -   boosting_type: gbdt
2024-08-28 01:14:11,342 - INFO -   learning_rate: 0.01
2024-08-28 01:14:11,342 - INFO -   num_leaves: 31
2024-08-28 01:14:11,342 - INFO -   random_state: 42
2024-08-28 01:14:11,344 - INFO -   force_row_wise: True
2024-08-28 01:14:11,344 - INFO -   scale_pos_weight: 1.0
2024-08-28 01:14:11,345 - INFO - データの前処理やモデルの生成を行います。
2024-08-28 01:15:03,894 - INFO - Training started with parameters:
2024-08-28 01:15:03,895 - INFO - Learning rate: 0.01
2024-08-28 01:15:03,895 - INFO - Number of leaves: 31
2024-08-28 01:15:03,895 - INFO - Random state: 42
2024-08-28 01:15:03,895 - INFO - Starting model training...
2024-08-28 01:15:50,486 - INFO - LightGBMモデルのトレーニングを開始します。
2024-08-28 01:15:50,487 - INFO - 使用するハイパーパラメータ: 
2024-08-28 01:15:50,487 - INFO -   objective: binary
2024-08-28 01:15:50,487 - INFO -   metric: auc
2024-08-28 01:15:50,487 - INFO -   boosting_type: gbdt
2024-08-28 01:15:50,487 - INFO -   learning_rate: 0.01
2024-08-28 01:15:50,487 - INFO -   num_leaves: 31
2024-08-28 01:15:50,487 - INFO -   random_state: 42
2024-08-28 01:15:50,487 - INFO -   force_row_wise: True
2024-08-28 01:15:50,487 - INFO -   scale_pos_weight: 3.437192118226601
2024-08-28 01:15:50,487 - INFO - トレーニングデータのサイズ: (2791, 19)
2024-08-28 01:15:50,488 - INFO - 検証データのサイズ: (698, 19)
2024-08-28 01:15:50,488 - INFO - LightGBMデータセットを作成します。
2024-08-28 01:15:50,488 - INFO - コールバックを設定します。
2024-08-28 01:15:50,489 - INFO - モデルの訓練を開始します。
2024-08-28 01:16:02,267 - INFO - モデルの訓練が完了しました。
2024-08-28 01:16:02,267 - INFO - 検証データで予測を実行します。
2024-08-28 01:16:02,286 - INFO - AUCスコアを計算します。
2024-08-28 01:16:02,289 - INFO - AUCスコア: 0.8577
2024-08-28 01:16:02,289 - INFO - PR-AUCスコアを計算します。
2024-08-28 01:16:02,291 - INFO - PR-AUCスコア: 0.5432
2024-08-28 01:16:02,320 - INFO - モデルが保存されました: models/lgb_model.pkl
2024-08-28 01:16:02,320 - INFO - トレーニングと評価プロセスが完了しました。
2024-08-28 01:31:29,911 - INFO - ログ設定が完了しました。
2024-08-28 01:31:29,912 - INFO - 機械学習モデルのトレーニングを開始します。
2024-08-28 01:31:29,912 - INFO - LightGBMモデルのトレーニングを開始します。
2024-08-28 01:31:29,913 - INFO - 使用するハイパーパラメータ: 
2024-08-28 01:31:29,913 - INFO -   objective: binary
2024-08-28 01:31:29,913 - INFO -   metric: auc
2024-08-28 01:31:29,913 - INFO -   boosting_type: gbdt
2024-08-28 01:31:29,913 - INFO -   learning_rate: 0.01
2024-08-28 01:31:29,913 - INFO -   num_leaves: 31
2024-08-28 01:31:29,913 - INFO -   random_state: 42
2024-08-28 01:31:29,913 - INFO -   force_row_wise: True
2024-08-28 01:31:29,913 - INFO -   scale_pos_weight: 3.437192118226601
2024-08-28 01:31:29,913 - INFO - トレーニングデータのサイズ: (2791, 19)
2024-08-28 01:31:29,913 - INFO - 検証データのサイズ: (698, 19)
2024-08-28 01:31:29,913 - INFO - LightGBMデータセットを作成します。
2024-08-28 01:31:29,914 - INFO - コールバックを設定します。
2024-08-28 01:31:29,914 - INFO - モデルの訓練を開始します。
2024-08-28 01:31:51,592 - INFO - モデルの訓練が完了しました。
2024-08-28 01:31:51,593 - INFO - 検証データで予測を実行します。
2024-08-28 01:31:51,613 - INFO - AUCスコアを計算します。
2024-08-28 01:31:51,616 - INFO - AUCスコア: 0.8577
2024-08-28 01:31:51,616 - INFO - PR-AUCスコアを計算します。
2024-08-28 01:31:51,618 - INFO - PR-AUCスコア: 0.5432
2024-08-28 01:31:51,648 - INFO - モデルが保存されました: models/lgb_model.pkl
2024-08-28 01:31:51,649 - INFO - トレーニングと評価プロセスが完了しました。
2024-08-28 04:34:36,415 - INFO - ログ設定が完了しました。
2024-08-28 04:34:36,416 - INFO - 機械学習モデルのトレーニングを開始します。
2024-08-28 04:34:36,416 - INFO - LightGBMモデルのトレーニングを開始します。
2024-08-28 04:34:36,416 - INFO - 使用するハイパーパラメータ: 
2024-08-28 04:39:04,378 - INFO - ログ設定が完了しました。
2024-08-28 04:39:04,378 - INFO - 機械学習モデルのトレーニングを開始します。
2024-08-28 04:39:04,378 - INFO - LightGBMモデルのトレーニングを開始します。
2024-08-28 04:39:04,378 - INFO - 使用するハイパーパラメータ: 
2024-08-28 04:39:04,378 - INFO -   objective: binary
2024-08-28 04:39:04,378 - INFO -   metric: auc
2024-08-28 04:39:04,378 - INFO -   boosting_type: gbdt
2024-08-28 04:39:04,378 - INFO -   learning_rate: 0.01
2024-08-28 04:39:04,378 - INFO -   num_leaves: 31
2024-08-28 04:39:04,378 - INFO -   random_state: 42
2024-08-28 04:39:04,378 - INFO -   force_row_wise: True
2024-08-28 04:39:04,378 - INFO -   scale_pos_weight: 3.437192118226601
2024-08-28 04:39:04,378 - INFO - トレーニングデータのサイズ: (2791, 19)
2024-08-28 04:39:04,378 - INFO - 検証データのサイズ: (698, 19)
2024-08-28 04:39:04,379 - INFO - LightGBMデータセットを作成します。
2024-08-28 04:39:04,379 - INFO - コールバックを設定します。
2024-08-28 04:39:04,379 - INFO - モデルの訓練を開始します。
2024-08-28 04:39:16,729 - INFO - モデルの訓練が完了しました。
2024-08-28 04:39:16,730 - INFO - 検証データで予測を実行します。
2024-08-28 04:39:16,749 - INFO - AUCスコアを計算します。
2024-08-28 04:39:16,753 - INFO - AUCスコア: 0.8577
2024-08-28 04:39:16,753 - INFO - PR-AUCスコアを計算します。
2024-08-28 04:39:16,755 - INFO - PR-AUCスコア: 0.5432
2024-08-28 04:39:16,785 - INFO - モデルが保存されました: models/lgb_model.pkl
2024-08-28 04:39:16,785 - INFO - トレーニングと評価プロセスが完了しました。
テスト2024-08-29 01:12:30,092 - INFO - ログ設定が完了しました。
2024-08-29 01:12:30,093 - INFO - 機械学習モデルのトレーニングを開始します。
2024-08-29 01:12:30,093 - INFO - LightGBMモデルのトレーニングを開始します。
2024-08-29 01:12:30,093 - INFO - 使用するハイパーパラメータ: 
2024-08-29 01:12:30,093 - INFO -   objective: binary
2024-08-29 01:12:30,093 - INFO -   metric: auc
2024-08-29 01:12:30,093 - INFO -   boosting_type: gbdt
2024-08-29 01:12:30,093 - INFO -   learning_rate: 0.01
2024-08-29 01:12:30,093 - INFO -   num_leaves: 31
2024-08-29 01:12:30,093 - INFO -   random_state: 42
2024-08-29 01:12:30,093 - INFO -   force_row_wise: True
2024-08-29 01:12:30,093 - INFO -   scale_pos_weight: 3.437192118226601
2024-08-29 01:12:30,093 - INFO - トレーニングデータのサイズ: (2791, 19)
2024-08-29 01:12:30,093 - INFO - 検証データのサイズ: (698, 19)
2024-08-29 01:12:30,093 - INFO - LightGBMデータセットを作成します。
2024-08-29 01:12:30,094 - INFO - コールバックを設定します。
2024-08-29 01:12:30,094 - INFO - モデルの訓練を開始します。
2024-08-29 01:12:41,710 - INFO - モデルの訓練が完了しました。
2024-08-29 01:12:41,711 - INFO - 検証データで予測を実行します。
2024-08-29 01:12:41,733 - INFO - AUCスコアを計算します。
2024-08-29 01:12:41,736 - INFO - AUCスコア: 0.8577
2024-08-29 01:12:41,736 - INFO - PR-AUCスコアを計算します。
2024-08-29 01:12:41,738 - INFO - PR-AUCスコア: 0.5432
2024-08-29 01:12:41,773 - INFO - モデルが保存されました: models/lgb_model.pkl
2024-08-29 01:12:41,773 - INFO - トレーニングと評価プロセスが完了しました。
modeltest2024-08-29 01:17:36,204 - INFO - ログ設定が完了しました。
2024-08-29 01:17:36,204 - INFO - 機械学習モデルのトレーニングを開始します。
2024-08-29 01:17:36,204 - INFO - LightGBMモデルのトレーニングを開始します。
2024-08-29 01:17:36,205 - INFO - 使用するハイパーパラメータ: 
2024-08-29 01:17:36,205 - INFO -   objective: binary
2024-08-29 01:17:36,205 - INFO -   metric: auc
2024-08-29 01:17:36,205 - INFO -   boosting_type: gbdt
2024-08-29 01:17:36,205 - INFO -   learning_rate: 0.01
2024-08-29 01:17:36,205 - INFO -   num_leaves: 31
2024-08-29 01:17:36,205 - INFO -   random_state: 42
2024-08-29 01:17:36,205 - INFO -   force_row_wise: True
2024-08-29 01:17:36,205 - INFO -   scale_pos_weight: 3.437192118226601
2024-08-29 01:17:36,205 - INFO - トレーニングデータのサイズ: (2791, 19)
2024-08-29 01:17:36,206 - INFO - 検証データのサイズ: (698, 19)
2024-08-29 01:17:36,206 - INFO - LightGBMデータセットを作成します。
2024-08-29 01:17:36,206 - INFO - コールバックを設定します。
2024-08-29 01:17:36,207 - INFO - モデルの訓練を開始します。
2024-08-29 01:17:51,414 - INFO - モデルの訓練が完了しました。
2024-08-29 01:17:51,415 - INFO - 検証データで予測を実行します。
2024-08-29 01:17:51,433 - INFO - AUCスコアを計算します。
2024-08-29 01:17:51,437 - INFO - AUCスコア: 0.8577
2024-08-29 01:17:51,437 - INFO - PR-AUCスコアを計算します。
2024-08-29 01:17:51,439 - INFO - PR-AUCスコア: 0.5432
2024-08-29 01:17:51,468 - INFO - モデルが保存されました: models/lgb_model2.pkl
2024-08-29 01:17:51,468 - INFO - トレーニングと評価プロセスが完了しました。
